<?xml version="1.0" encoding="UTF-8"?>
<!-- Generated by org.testng.reporters.JUnitReportReporter -->
<testsuite skipped="0" hostname="qait-7" name="com.qainfotech.TestNgProject.TestConsecutiveString" tests="2" failures="0" timestamp="05 Feb 2019 12:07:59 GMT" time="0.013" errors="0">
  <testcase name="TestcheckConsecutiveNull" time="0.001" classname="com.qainfotech.TestNgProject.TestConsecutiveString"/>
  <testcase name="TestcheckConsecutive" time="0.012" classname="com.qainfotech.TestNgProject.TestConsecutiveString"/>
</testsuite> <!-- com.qainfotech.TestNgProject.TestConsecutiveString -->
